<?xml version="1.0" encoding="UTF-8"?>
<!-- Generated by org.testng.reporters.JUnitXMLReporter -->
<testsuite ignored="3" hostname="DESKTOP-896EQCN" failures="0" tests="0" time="0.034" errors="0" timestamp="2022-05-14T16:05:29 IST">
  <testcase classname="com.Vtiger.generic.Customer" name="createCustomerTest" time="0.0">
    <ignored/>
  </testcase> <!-- createCustomerTest -->
  <testcase classname="com.Vtiger.generic.Customer" name="ModifyCustomerTest" time="0.0">
    <ignored/>
  </testcase> <!-- ModifyCustomerTest -->
  <testcase classname="com.Vtiger.generic.Customer" name="deleteCustomerTest" time="0.0">
    <ignored/>
  </testcase> <!-- deleteCustomerTest -->
</testsuite>
